2020-12-11 19:02:24.573  INFO DESKTOP-PJG2RLL --- [  restartedMain] a.e.u.d.g.b.BackendDesappApiApplication  : Starting BackendDesappApiApplication on DESKTOP-PJG2RLL with PID 12124 (C:\Users\Mauro\Desktop\desapp\target\classes started by Mauro in C:\Users\Mauro\Desktop\desapp)
2020-12-11 19:02:24.588  INFO DESKTOP-PJG2RLL --- [  restartedMain] a.e.u.d.g.b.BackendDesappApiApplication  : No active profile set, falling back to default profiles: default
2020-12-11 19:02:26.674  INFO DESKTOP-PJG2RLL --- [  restartedMain] .s.d.r.c.RepositoryConfigurationDelegate : Bootstrapping Spring Data JPA repositories in DEFERRED mode.
2020-12-11 19:02:26.826  INFO DESKTOP-PJG2RLL --- [  restartedMain] .s.d.r.c.RepositoryConfigurationDelegate : Finished Spring Data repository scanning in 144ms. Found 5 JPA repository interfaces.
2020-12-11 19:02:27.894  INFO DESKTOP-PJG2RLL --- [  restartedMain] o.s.b.w.e.t.TomcatWebServer              : Tomcat initialized with port(s): 8080 (http)
2020-12-11 19:02:27.911  INFO DESKTOP-PJG2RLL --- [  restartedMain] o.a.c.c.StandardService                  : Starting service [Tomcat]
2020-12-11 19:02:27.911  INFO DESKTOP-PJG2RLL --- [  restartedMain] o.a.c.c.StandardEngine                   : Starting Servlet engine: [Apache Tomcat/9.0.37]
2020-12-11 19:02:28.202  INFO DESKTOP-PJG2RLL --- [  restartedMain] o.a.c.c.C.[.[.[/]                        : Initializing Spring embedded WebApplicationContext
2020-12-11 19:02:28.202  INFO DESKTOP-PJG2RLL --- [  restartedMain] w.s.c.ServletWebServerApplicationContext : Root WebApplicationContext: initialization completed in 3530 ms
2020-12-11 19:02:28.272 DEBUG DESKTOP-PJG2RLL --- [  restartedMain] o.s.b.w.s.ServletContextInitializerBeans : Mapping filters: filterRegistrationBean urls=[/*] order=-2147483648, springSecurityFilterChain urls=[/*] order=-100, characterEncodingFilter urls=[/*] order=-2147483648, formContentFilter urls=[/*] order=-9900, requestContextFilter urls=[/*] order=-105
2020-12-11 19:02:28.273 DEBUG DESKTOP-PJG2RLL --- [  restartedMain] o.s.b.w.s.ServletContextInitializerBeans : Mapping servlets: dispatcherServlet urls=[/]
2020-12-11 19:02:28.298 DEBUG DESKTOP-PJG2RLL --- [  restartedMain] o.s.w.f.CorsFilter                       : Filter 'corsFilter' configured for use
2020-12-11 19:02:28.515  INFO DESKTOP-PJG2RLL --- [  restartedMain] o.s.s.c.ThreadPoolTaskExecutor           : Initializing ExecutorService 'applicationTaskExecutor'
2020-12-11 19:02:28.540  INFO DESKTOP-PJG2RLL --- [  restartedMain] o.s.s.c.ThreadPoolTaskScheduler          : Initializing ExecutorService 'taskScheduler'
2020-12-11 19:02:28.736  WARN DESKTOP-PJG2RLL --- [  restartedMain] JpaBaseConfiguration$JpaWebConfiguration : spring.jpa.open-in-view is enabled by default. Therefore, database queries may be performed during view rendering. Explicitly configure spring.jpa.open-in-view to disable this warning
2020-12-11 19:02:28.951  INFO DESKTOP-PJG2RLL --- [  restartedMain] a.e.u.d.g.b.s.InitServiceInMemory        : Init Data Using H2 DB
2020-12-11 19:02:29.068  INFO DESKTOP-PJG2RLL --- [         task-1] c.z.h.HikariDataSource                   : HikariPool-1 - Starting...
2020-12-11 19:02:29.214  INFO DESKTOP-PJG2RLL --- [         task-1] c.z.h.HikariDataSource                   : HikariPool-1 - Start completed.
2020-12-11 19:02:30.489  INFO DESKTOP-PJG2RLL --- [         task-1] j.LocalContainerEntityManagerFactoryBean : Initialized JPA EntityManagerFactory for persistence unit 'default'
2020-12-11 19:02:31.853  INFO DESKTOP-PJG2RLL --- [         task-2] o.s.b.d.a.OptionalLiveReloadServer       : LiveReload server is running on port 35729
2020-12-11 19:02:32.363 DEBUG DESKTOP-PJG2RLL --- [  restartedMain] s.w.s.m.m.a.RequestMappingHandlerMapping : 27 mappings in 'requestMappingHandlerMapping'
2020-12-11 19:02:32.563  INFO DESKTOP-PJG2RLL --- [  restartedMain] .s.s.UserDetailsServiceAutoConfiguration : 

Using generated security password: dd6e5c77-a339-40c3-9ac8-d71cdcd01ce5

2020-12-11 19:02:32.735  INFO DESKTOP-PJG2RLL --- [  restartedMain] o.s.s.w.DefaultSecurityFilterChain       : Creating filter chain: any request, [org.springframework.security.web.context.request.async.WebAsyncManagerIntegrationFilter@2af448c1, org.springframework.security.web.context.SecurityContextPersistenceFilter@3f71c59e, org.springframework.security.web.header.HeaderWriterFilter@678b682a, org.springframework.security.web.authentication.logout.LogoutFilter@2995e45f, ar.edu.unq.desapp.grupoK.backenddesappapi.security.JWTAuthorizationFilter@176d133e, org.springframework.security.web.authentication.www.BasicAuthenticationFilter@1afad13e, org.springframework.security.web.savedrequest.RequestCacheAwareFilter@75db52b, org.springframework.security.web.servletapi.SecurityContextHolderAwareRequestFilter@7582d193, org.springframework.security.web.authentication.AnonymousAuthenticationFilter@6f4c9bab, org.springframework.security.web.session.SessionManagementFilter@10ce4a8, org.springframework.security.web.access.ExceptionTranslationFilter@59165f85, org.springframework.security.web.access.intercept.FilterSecurityInterceptor@728a0e45]
2020-12-11 19:02:32.771  INFO DESKTOP-PJG2RLL --- [  restartedMain] pertySourcedRequestMappingHandlerMapping : Mapped URL path [/v2/api-docs] onto method [springfox.documentation.swagger2.web.Swagger2Controller#getDocumentation(String, HttpServletRequest)]
2020-12-11 19:02:32.799  INFO DESKTOP-PJG2RLL --- [  restartedMain] a.e.u.d.g.b.a.LoggingAspect              : Class: SpringFoxConfig Method: api, Args: [] Execution time of :: 12 ms
2020-12-11 19:02:33.036 DEBUG DESKTOP-PJG2RLL --- [  restartedMain] s.w.s.m.m.a.RequestMappingHandlerAdapter : ControllerAdvice beans: 0 @ModelAttribute, 0 @InitBinder, 1 RequestBodyAdvice, 1 ResponseBodyAdvice
2020-12-11 19:02:33.137 DEBUG DESKTOP-PJG2RLL --- [  restartedMain] o.s.w.s.h.SimpleUrlHandlerMapping        : Patterns [/webjars/**, /**] in 'resourceHandlerMapping'
2020-12-11 19:02:33.156 DEBUG DESKTOP-PJG2RLL --- [  restartedMain] .m.m.a.ExceptionHandlerExceptionResolver : ControllerAdvice beans: 1 @ExceptionHandler, 1 ResponseBodyAdvice
2020-12-11 19:02:33.209  WARN DESKTOP-PJG2RLL --- [  restartedMain] ion$DefaultTemplateResolverConfiguration : Cannot find template location: classpath:/templates/ (please add some templates or check your Thymeleaf configuration)
2020-12-11 19:02:33.529  INFO DESKTOP-PJG2RLL --- [  restartedMain] o.s.b.w.e.t.TomcatWebServer              : Tomcat started on port(s): 8080 (http) with context path ''
2020-12-11 19:02:33.531  INFO DESKTOP-PJG2RLL --- [  restartedMain] d.s.w.p.DocumentationPluginsBootstrapper : Context refreshed
2020-12-11 19:02:33.560  INFO DESKTOP-PJG2RLL --- [  restartedMain] d.s.w.p.DocumentationPluginsBootstrapper : Found 1 custom documentation plugin(s)
2020-12-11 19:02:33.609  INFO DESKTOP-PJG2RLL --- [  restartedMain] s.d.s.w.s.ApiListingReferenceScanner     : Scanning for api listing references
2020-12-11 19:02:33.939  INFO DESKTOP-PJG2RLL --- [  restartedMain] .d.s.w.r.o.CachingOperationNameGenerator : Generating unique operation named: loginUsingPOST_1
2020-12-11 19:02:33.961  INFO DESKTOP-PJG2RLL --- [  restartedMain] DeferredRepositoryInitializationListener : Triggering deferred initialization of Spring Data repositories…
2020-12-11 19:02:33.962  INFO DESKTOP-PJG2RLL --- [  restartedMain] DeferredRepositoryInitializationListener : Spring Data repositories initialized!
2020-12-11 19:02:33.980  INFO DESKTOP-PJG2RLL --- [  restartedMain] a.e.u.d.g.b.BackendDesappApiApplication  : Started BackendDesappApiApplication in 10.236 seconds (JVM running for 12.338)
2020-12-11 19:02:34.022  INFO DESKTOP-PJG2RLL --- [   scheduling-1] a.e.u.d.g.b.a.LoggingAspect              : Class: EmailSenderController Method: sendEmail, Args: [] Execution time of :: 47 ms
